Analysis & Synthesis report for Leg_v8Microprocessor
Fri Apr 27 13:32:56 2018
Quartus II 64-Bit Version 13.0.1 Build 232 06/12/2013 Service Pack 1 SJ Web Edition


---------------------
; Table of Contents ;
---------------------
  1. Legal Notice
  2. Analysis & Synthesis Summary
  3. Analysis & Synthesis Settings
  4. Parallel Compilation
  5. Analysis & Synthesis Source Files Read
  6. Analysis & Synthesis Resource Usage Summary
  7. Analysis & Synthesis Resource Utilization by Entity
  8. General Register Statistics
  9. Parameter Settings for User Entity Instance: GPIO_Board:GPIO_DE0_Test_inst|gpio_mux_8_to_1:matrix_mux
 10. Parameter Settings for User Entity Instance: GPIO_Board:GPIO_DE0_Test_inst|gpio_mux_8_to_1:hex_mux
 11. Port Connectivity Checks: "GPIO_Board:GPIO_DE0_Test_inst"
 12. Port Connectivity Checks: "quad_7seg_decoder:SevenSegGPIO_2"
 13. Port Connectivity Checks: "quad_7seg_decoder:SevenSegGPIO_1"
 14. Elapsed Time Per Partition
 15. Analysis & Synthesis Messages
 16. Analysis & Synthesis Suppressed Messages



----------------
; Legal Notice ;
----------------
Copyright (C) 1991-2013 Altera Corporation
Your use of Altera Corporation's design tools, logic functions 
and other software and tools, and its AMPP partner logic 
functions, and any output files from any of the foregoing 
(including device programming or simulation files), and any 
associated documentation or information are expressly subject 
to the terms and conditions of the Altera Program License 
Subscription Agreement, Altera MegaCore Function License 
Agreement, or other applicable license agreement, including, 
without limitation, that your use is for the sole purpose of 
programming logic devices manufactured by Altera and sold by 
Altera or its authorized distributors.  Please refer to the 
applicable agreement for further details.



+--------------------------------------------------------------------------------------+
; Analysis & Synthesis Summary                                                         ;
+------------------------------------+-------------------------------------------------+
; Analysis & Synthesis Status        ; Successful - Fri Apr 27 13:32:56 2018           ;
; Quartus II 64-Bit Version          ; 13.0.1 Build 232 06/12/2013 SP 1 SJ Web Edition ;
; Revision Name                      ; Leg_v8Microprocessor                            ;
; Top-level Entity Name              ; DE0_Test                                        ;
; Family                             ; Cyclone III                                     ;
; Total logic elements               ; 30                                              ;
;     Total combinational functions  ; 30                                              ;
;     Dedicated logic registers      ; 17                                              ;
; Total registers                    ; 17                                              ;
; Total pins                         ; 73                                              ;
; Total virtual pins                 ; 0                                               ;
; Total memory bits                  ; 0                                               ;
; Embedded Multiplier 9-bit elements ; 0                                               ;
; Total PLLs                         ; 0                                               ;
+------------------------------------+-------------------------------------------------+


+------------------------------------------------------------------------------------------------------------------------+
; Analysis & Synthesis Settings                                                                                          ;
+----------------------------------------------------------------------------+--------------------+----------------------+
; Option                                                                     ; Setting            ; Default Value        ;
+----------------------------------------------------------------------------+--------------------+----------------------+
; Device                                                                     ; EP3C16F484C6       ;                      ;
; Top-level entity name                                                      ; DE0_Test           ; Leg_v8Microprocessor ;
; Family name                                                                ; Cyclone III        ; Cyclone IV GX        ;
; Use smart compilation                                                      ; Off                ; Off                  ;
; Enable parallel Assembler and TimeQuest Timing Analyzer during compilation ; On                 ; On                   ;
; Enable compact report table                                                ; Off                ; Off                  ;
; Restructure Multiplexers                                                   ; Auto               ; Auto                 ;
; Create Debugging Nodes for IP Cores                                        ; Off                ; Off                  ;
; Preserve fewer node names                                                  ; On                 ; On                   ;
; Disable OpenCore Plus hardware evaluation                                  ; Off                ; Off                  ;
; Verilog Version                                                            ; Verilog_2001       ; Verilog_2001         ;
; VHDL Version                                                               ; VHDL_1993          ; VHDL_1993            ;
; State Machine Processing                                                   ; Auto               ; Auto                 ;
; Safe State Machine                                                         ; Off                ; Off                  ;
; Extract Verilog State Machines                                             ; On                 ; On                   ;
; Extract VHDL State Machines                                                ; On                 ; On                   ;
; Ignore Verilog initial constructs                                          ; Off                ; Off                  ;
; Iteration limit for constant Verilog loops                                 ; 5000               ; 5000                 ;
; Iteration limit for non-constant Verilog loops                             ; 250                ; 250                  ;
; Add Pass-Through Logic to Inferred RAMs                                    ; On                 ; On                   ;
; Infer RAMs from Raw Logic                                                  ; On                 ; On                   ;
; Parallel Synthesis                                                         ; On                 ; On                   ;
; DSP Block Balancing                                                        ; Auto               ; Auto                 ;
; NOT Gate Push-Back                                                         ; On                 ; On                   ;
; Power-Up Don't Care                                                        ; On                 ; On                   ;
; Remove Redundant Logic Cells                                               ; Off                ; Off                  ;
; Remove Duplicate Registers                                                 ; On                 ; On                   ;
; Ignore CARRY Buffers                                                       ; Off                ; Off                  ;
; Ignore CASCADE Buffers                                                     ; Off                ; Off                  ;
; Ignore GLOBAL Buffers                                                      ; Off                ; Off                  ;
; Ignore ROW GLOBAL Buffers                                                  ; Off                ; Off                  ;
; Ignore LCELL Buffers                                                       ; Off                ; Off                  ;
; Ignore SOFT Buffers                                                        ; On                 ; On                   ;
; Limit AHDL Integers to 32 Bits                                             ; Off                ; Off                  ;
; Optimization Technique                                                     ; Balanced           ; Balanced             ;
; Carry Chain Length                                                         ; 70                 ; 70                   ;
; Auto Carry Chains                                                          ; On                 ; On                   ;
; Auto Open-Drain Pins                                                       ; On                 ; On                   ;
; Perform WYSIWYG Primitive Resynthesis                                      ; Off                ; Off                  ;
; Auto ROM Replacement                                                       ; On                 ; On                   ;
; Auto RAM Replacement                                                       ; On                 ; On                   ;
; Auto DSP Block Replacement                                                 ; On                 ; On                   ;
; Auto Shift Register Replacement                                            ; Auto               ; Auto                 ;
; Allow Shift Register Merging across Hierarchies                            ; Auto               ; Auto                 ;
; Auto Clock Enable Replacement                                              ; On                 ; On                   ;
; Strict RAM Replacement                                                     ; Off                ; Off                  ;
; Allow Synchronous Control Signals                                          ; On                 ; On                   ;
; Force Use of Synchronous Clear Signals                                     ; Off                ; Off                  ;
; Auto RAM Block Balancing                                                   ; On                 ; On                   ;
; Auto RAM to Logic Cell Conversion                                          ; Off                ; Off                  ;
; Auto Resource Sharing                                                      ; Off                ; Off                  ;
; Allow Any RAM Size For Recognition                                         ; Off                ; Off                  ;
; Allow Any ROM Size For Recognition                                         ; Off                ; Off                  ;
; Allow Any Shift Register Size For Recognition                              ; Off                ; Off                  ;
; Use LogicLock Constraints during Resource Balancing                        ; On                 ; On                   ;
; Ignore translate_off and synthesis_off directives                          ; Off                ; Off                  ;
; Timing-Driven Synthesis                                                    ; On                 ; On                   ;
; Report Parameter Settings                                                  ; On                 ; On                   ;
; Report Source Assignments                                                  ; On                 ; On                   ;
; Report Connectivity Checks                                                 ; On                 ; On                   ;
; Ignore Maximum Fan-Out Assignments                                         ; Off                ; Off                  ;
; Synchronization Register Chain Length                                      ; 2                  ; 2                    ;
; PowerPlay Power Optimization                                               ; Normal compilation ; Normal compilation   ;
; HDL message level                                                          ; Level2             ; Level2               ;
; Suppress Register Optimization Related Messages                            ; Off                ; Off                  ;
; Number of Removed Registers Reported in Synthesis Report                   ; 5000               ; 5000                 ;
; Number of Swept Nodes Reported in Synthesis Report                         ; 5000               ; 5000                 ;
; Number of Inverted Registers Reported in Synthesis Report                  ; 100                ; 100                  ;
; Clock MUX Protection                                                       ; On                 ; On                   ;
; Auto Gated Clock Conversion                                                ; Off                ; Off                  ;
; Block Design Naming                                                        ; Auto               ; Auto                 ;
; SDC constraint protection                                                  ; Off                ; Off                  ;
; Synthesis Effort                                                           ; Auto               ; Auto                 ;
; Shift Register Replacement - Allow Asynchronous Clear Signal               ; On                 ; On                   ;
; Pre-Mapping Resynthesis Optimization                                       ; Off                ; Off                  ;
; Analysis & Synthesis Message Level                                         ; Medium             ; Medium               ;
; Disable Register Merging Across Hierarchies                                ; Auto               ; Auto                 ;
; Resource Aware Inference For Block RAM                                     ; On                 ; On                   ;
; Synthesis Seed                                                             ; 1                  ; 1                    ;
+----------------------------------------------------------------------------+--------------------+----------------------+


Parallel compilation was disabled, but you have multiple processors available. Enable parallel compilation to reduce compilation time.
+-------------------------------------+
; Parallel Compilation                ;
+----------------------------+--------+
; Processors                 ; Number ;
+----------------------------+--------+
; Number detected on machine ; 4      ;
; Maximum allowed            ; 1      ;
+----------------------------+--------+


+----------------------------------------------------------------------------------------------------------------------------------------------------------------------------------------------------------------+
; Analysis & Synthesis Source Files Read                                                                                                                                                                         ;
+----------------------------------+-----------------+------------------------+------------------------------------------------------------------------------------------------------------------------+---------+
; File Name with User-Entered Path ; Used in Netlist ; File Type              ; File Name with Absolute Path                                                                                           ; Library ;
+----------------------------------+-----------------+------------------------+------------------------------------------------------------------------------------------------------------------------+---------+
; GPIO Files/quad_7seg_decoder.v   ; yes             ; User Verilog HDL File  ; C:/Users/David/Desktop/Schoolwork/Semester 4/Computer Architecture/Leg_v8Microprocessor/GPIO Files/quad_7seg_decoder.v ;         ;
; GPIO Files/GPIO_Board.v          ; yes             ; User Verilog HDL File  ; C:/Users/David/Desktop/Schoolwork/Semester 4/Computer Architecture/Leg_v8Microprocessor/GPIO Files/GPIO_Board.v        ;         ;
; GPIO Files/DE0_Test.v            ; yes             ; User Verilog HDL File  ; C:/Users/David/Desktop/Schoolwork/Semester 4/Computer Architecture/Leg_v8Microprocessor/GPIO Files/DE0_Test.v          ;         ;
+----------------------------------+-----------------+------------------------+------------------------------------------------------------------------------------------------------------------------+---------+


+---------------------------------------------------------------------------------------+
; Analysis & Synthesis Resource Usage Summary                                           ;
+---------------------------------------------+-----------------------------------------+
; Resource                                    ; Usage                                   ;
+---------------------------------------------+-----------------------------------------+
; Estimated Total logic elements              ; 30                                      ;
;                                             ;                                         ;
; Total combinational functions               ; 30                                      ;
; Logic element usage by number of LUT inputs ;                                         ;
;     -- 4 input functions                    ; 5                                       ;
;     -- 3 input functions                    ; 9                                       ;
;     -- <=2 input functions                  ; 16                                      ;
;                                             ;                                         ;
; Logic elements by mode                      ;                                         ;
;     -- normal mode                          ; 15                                      ;
;     -- arithmetic mode                      ; 15                                      ;
;                                             ;                                         ;
; Total registers                             ; 17                                      ;
;     -- Dedicated logic registers            ; 17                                      ;
;     -- I/O registers                        ; 0                                       ;
;                                             ;                                         ;
; I/O pins                                    ; 73                                      ;
; Embedded Multiplier 9-bit elements          ; 0                                       ;
; Maximum fan-out node                        ; GPIO_Board:GPIO_DE0_Test_inst|count[14] ;
; Maximum fan-out                             ; 18                                      ;
; Total fan-out                               ; 216                                     ;
; Average fan-out                             ; 1.12                                    ;
+---------------------------------------------+-----------------------------------------+


+---------------------------------------------------------------------------------------------------------------------------------------------------------------------------------------------------------+
; Analysis & Synthesis Resource Utilization by Entity                                                                                                                                                     ;
+------------------------------------+-------------------+--------------+-------------+--------------+---------+-----------+------+--------------+-----------------------------------------+--------------+
; Compilation Hierarchy Node         ; LC Combinationals ; LC Registers ; Memory Bits ; DSP Elements ; DSP 9x9 ; DSP 18x18 ; Pins ; Virtual Pins ; Full Hierarchy Name                     ; Library Name ;
+------------------------------------+-------------------+--------------+-------------+--------------+---------+-----------+------+--------------+-----------------------------------------+--------------+
; |DE0_Test                          ; 30 (0)            ; 17 (0)       ; 0           ; 0            ; 0       ; 0         ; 73   ; 0            ; |DE0_Test                               ; work         ;
;    |GPIO_Board:GPIO_DE0_Test_inst| ; 30 (30)           ; 17 (17)      ; 0           ; 0            ; 0       ; 0         ; 0    ; 0            ; |DE0_Test|GPIO_Board:GPIO_DE0_Test_inst ; work         ;
+------------------------------------+-------------------+--------------+-------------+--------------+---------+-----------+------+--------------+-----------------------------------------+--------------+
Note: For table entries with two numbers listed, the numbers in parentheses indicate the number of resources of the given type used by the specific entity alone. The numbers listed outside of parentheses indicate the total resources of the given type used by the specific entity and all of its sub-entities in the hierarchy.


+------------------------------------------------------+
; General Register Statistics                          ;
+----------------------------------------------+-------+
; Statistic                                    ; Value ;
+----------------------------------------------+-------+
; Total registers                              ; 17    ;
; Number of registers using Synchronous Clear  ; 0     ;
; Number of registers using Synchronous Load   ; 0     ;
; Number of registers using Asynchronous Clear ; 0     ;
; Number of registers using Asynchronous Load  ; 0     ;
; Number of registers using Clock Enable       ; 0     ;
; Number of registers using Preset             ; 0     ;
+----------------------------------------------+-------+


+-------------------------------------------------------------------------------------------------------+
; Parameter Settings for User Entity Instance: GPIO_Board:GPIO_DE0_Test_inst|gpio_mux_8_to_1:matrix_mux ;
+----------------+-------+------------------------------------------------------------------------------+
; Parameter Name ; Value ; Type                                                                         ;
+----------------+-------+------------------------------------------------------------------------------+
; n              ; 16    ; Signed Integer                                                               ;
+----------------+-------+------------------------------------------------------------------------------+
Note: In order to hide this table in the UI and the text report file, please set the "Show Parameter Settings in Synthesis Report" option in "Analysis and Synthesis Settings -> More Settings" to "Off".


+----------------------------------------------------------------------------------------------------+
; Parameter Settings for User Entity Instance: GPIO_Board:GPIO_DE0_Test_inst|gpio_mux_8_to_1:hex_mux ;
+----------------+-------+---------------------------------------------------------------------------+
; Parameter Name ; Value ; Type                                                                      ;
+----------------+-------+---------------------------------------------------------------------------+
; n              ; 8     ; Signed Integer                                                            ;
+----------------+-------+---------------------------------------------------------------------------+
Note: In order to hide this table in the UI and the text report file, please set the "Show Parameter Settings in Synthesis Report" option in "Analysis and Synthesis Settings -> More Settings" to "Off".


+-------------------------------------------------------------------------------------------------------------------------------------------------------------+
; Port Connectivity Checks: "GPIO_Board:GPIO_DE0_Test_inst"                                                                                                   ;
+---------+--------+----------+-------------------------------------------------------------------------------------------------------------------------------+
; Port    ; Type   ; Severity ; Details                                                                                                                       ;
+---------+--------+----------+-------------------------------------------------------------------------------------------------------------------------------+
; R0      ; Input  ; Info     ; Stuck at GND                                                                                                                  ;
; R1      ; Input  ; Info     ; Stuck at VCC                                                                                                                  ;
; R2      ; Input  ; Info     ; Stuck at GND                                                                                                                  ;
; R3      ; Input  ; Info     ; Stuck at VCC                                                                                                                  ;
; R4      ; Input  ; Info     ; Stuck at GND                                                                                                                  ;
; R5      ; Input  ; Info     ; Stuck at VCC                                                                                                                  ;
; R6      ; Input  ; Info     ; Stuck at GND                                                                                                                  ;
; R7      ; Input  ; Info     ; Stuck at VCC                                                                                                                  ;
; HEX0_DP ; Input  ; Info     ; Stuck at GND                                                                                                                  ;
; HEX1_DP ; Input  ; Info     ; Stuck at GND                                                                                                                  ;
; HEX2_DP ; Input  ; Info     ; Stuck at GND                                                                                                                  ;
; HEX3_DP ; Input  ; Info     ; Stuck at GND                                                                                                                  ;
; HEX4_DP ; Input  ; Info     ; Stuck at GND                                                                                                                  ;
; HEX5_DP ; Input  ; Info     ; Stuck at GND                                                                                                                  ;
; HEX6_DP ; Input  ; Info     ; Stuck at GND                                                                                                                  ;
; HEX7_DP ; Input  ; Info     ; Stuck at GND                                                                                                                  ;
; DIP_SW  ; Output ; Warning  ; Output or bidir port (32 bits) is wider than the port expression (1 bits) it drives; bit(s) "DIP_SW[31..1]" have no fanouts   ;
; DIP_SW  ; Output ; Info     ; Connected to dangling logic. Logic that only feeds a dangling port will be removed.                                           ;
; LEDS    ; Input  ; Info     ; Stuck at GND                                                                                                                  ;
; GPIO_0  ; Output ; Warning  ; Output or bidir port (32 bits) is wider than the port expression (16 bits) it drives; bit(s) "GPIO_0[31..16]" have no fanouts ;
; GPIO_1  ; Bidir  ; Warning  ; Output or bidir port (32 bits) is wider than the port expression (16 bits) it drives; bit(s) "GPIO_1[31..16]" have no fanouts ;
+---------+--------+----------+-------------------------------------------------------------------------------------------------------------------------------+


+--------------------------------------------------------------+
; Port Connectivity Checks: "quad_7seg_decoder:SevenSegGPIO_2" ;
+------------+-------+----------+------------------------------+
; Port       ; Type  ; Severity ; Details                      ;
+------------+-------+----------+------------------------------+
; in[15..12] ; Input ; Info     ; Stuck at VCC                 ;
; in[7..4]   ; Input ; Info     ; Stuck at VCC                 ;
; in[11..8]  ; Input ; Info     ; Stuck at GND                 ;
; in[3..0]   ; Input ; Info     ; Stuck at GND                 ;
+------------+-------+----------+------------------------------+


+--------------------------------------------------------------+
; Port Connectivity Checks: "quad_7seg_decoder:SevenSegGPIO_1" ;
+------------+-------+----------+------------------------------+
; Port       ; Type  ; Severity ; Details                      ;
+------------+-------+----------+------------------------------+
; in[15..12] ; Input ; Info     ; Stuck at VCC                 ;
; in[7..4]   ; Input ; Info     ; Stuck at VCC                 ;
; in[11..8]  ; Input ; Info     ; Stuck at GND                 ;
; in[3..0]   ; Input ; Info     ; Stuck at GND                 ;
+------------+-------+----------+------------------------------+


+-------------------------------+
; Elapsed Time Per Partition    ;
+----------------+--------------+
; Partition Name ; Elapsed Time ;
+----------------+--------------+
; Top            ; 00:00:00     ;
+----------------+--------------+


+-------------------------------+
; Analysis & Synthesis Messages ;
+-------------------------------+
Info: *******************************************************************
Info: Running Quartus II 64-Bit Analysis & Synthesis
    Info: Version 13.0.1 Build 232 06/12/2013 Service Pack 1 SJ Web Edition
    Info: Processing started: Fri Apr 27 13:32:54 2018
Info: Command: quartus_map --read_settings_files=on --write_settings_files=off Leg_v8Microprocessor -c Leg_v8Microprocessor
Warning (20028): Parallel compilation is not licensed and has been disabled
Info (12021): Found 1 design units, including 1 entities, in source file lab 6 - rom case/rom_case_nice.v
    Info (12023): Found entity 1: rom_case_nice
Info (12021): Found 2 design units, including 2 entities, in source file gpio files/quad_7seg_decoder.v
    Info (12023): Found entity 1: quad_7seg_decoder
    Info (12023): Found entity 2: seven_seg_hex
Info (12021): Found 3 design units, including 3 entities, in source file gpio files/gpio_board.v
    Info (12023): Found entity 1: GPIO_Board
    Info (12023): Found entity 2: gpio_mux_8_to_1
    Info (12023): Found entity 3: gpio_decoder_3_8
Info (12021): Found 1 design units, including 1 entities, in source file lab 6 - rom case/muhlbaiers_rom_case.v
    Info (12023): Found entity 1: Muhlbaiers_rom_case
Info (12021): Found 1 design units, including 1 entities, in source file lab 2 - arithmetic logic unit/shifter.v
    Info (12023): Found entity 1: Shifter
Info (12021): Found 1 design units, including 1 entities, in source file lab 2 - arithmetic logic unit/ripplecarryadder.v
    Info (12023): Found entity 1: RippleCarryAdder
Info (12021): Found 1 design units, including 1 entities, in source file lab 2 - arithmetic logic unit/mux64to1.v
    Info (12023): Found entity 1: Mux64to1
Info (12021): Found 1 design units, including 1 entities, in source file lab 2 - arithmetic logic unit/mux8to1nbit.v
    Info (12023): Found entity 1: Mux8to1Nbit
Info (12021): Found 1 design units, including 1 entities, in source file lab 2 - arithmetic logic unit/mux4to1_64bit.v
    Info (12023): Found entity 1: Mux4to1_64bit
Info (12021): Found 1 design units, including 1 entities, in source file lab 2 - arithmetic logic unit/alu_testbench.v
    Info (12023): Found entity 1: ALU_Testbench
Info (12021): Found 1 design units, including 1 entities, in source file lab 2 - arithmetic logic unit/alu_rev2.v
    Info (12023): Found entity 1: ALU_rev2
Info (12021): Found 1 design units, including 1 entities, in source file lab 1 - register file/registernbit.v
    Info (12023): Found entity 1: RegisterNbit
Info (12021): Found 1 design units, including 1 entities, in source file lab 1 - register file/registerfiletestbench.v
    Info (12023): Found entity 1: RegisterFileTestbench
Info (12021): Found 1 design units, including 1 entities, in source file lab 1 - register file/registerfile.v
    Info (12023): Found entity 1: RegisterFile
Info (12021): Found 1 design units, including 1 entities, in source file lab 1 - register file/mux32to1nbit.v
    Info (12023): Found entity 1: Mux32to1Nbit
Info (12021): Found 1 design units, including 1 entities, in source file lab 1 - register file/decoder5to32.v
    Info (12023): Found entity 1: Decoder5to32
Info (12021): Found 1 design units, including 1 entities, in source file leg_v8microprocessor.v
    Info (12023): Found entity 1: Leg_v8Microprocessor
Info (12021): Found 1 design units, including 1 entities, in source file lab 3 - memory unit/ram256x64.v
    Info (12023): Found entity 1: RAM256x64
Info (12021): Found 2 design units, including 2 entities, in source file lab 4 - datapath/datapath.v
    Info (12023): Found entity 1: Datapath
    Info (12023): Found entity 2: RAM_det
Info (12021): Found 1 design units, including 1 entities, in source file lab 4 - datapath/datapath_testbench.v
    Info (12023): Found entity 1: Datapath_Testbench
Info (12021): Found 1 design units, including 1 entities, in source file lab 5 - program counter/programcounter_testbench.v
    Info (12023): Found entity 1: ProgramCounter_Testbench
Info (12021): Found 1 design units, including 1 entities, in source file lab 6 - rom case/rom_case.v
    Info (12023): Found entity 1: rom_case
Info (12021): Found 12 design units, including 12 entities, in source file lab 7 - control unit/control_unit.v
    Info (12023): Found entity 1: control_unit
    Info (12023): Found entity 2: I_arith
    Info (12023): Found entity 3: I_logic
    Info (12023): Found entity 4: RI_Logic
    Info (12023): Found entity 5: R_ALU
    Info (12023): Found entity 6: D
    Info (12023): Found entity 7: IW
    Info (12023): Found entity 8: BR
    Info (12023): Found entity 9: B
    Info (12023): Found entity 10: BL
    Info (12023): Found entity 11: CBZ_CBNZ
    Info (12023): Found entity 12: B_cond
Info (12021): Found 1 design units, including 1 entities, in source file programcounter.v
    Info (12023): Found entity 1: ProgramCounter
Info (12021): Found 1 design units, including 1 entities, in source file lab 7 - control unit/i_arith_testbench.v
    Info (12023): Found entity 1: I_arith_testbench
Info (12021): Found 1 design units, including 1 entities, in source file lab 7 - control unit/i_logic_testbench.v
    Info (12023): Found entity 1: I_logic_testbench
Info (12021): Found 1 design units, including 1 entities, in source file lab 7 - control unit/r_alu_testbench.v
    Info (12023): Found entity 1: R_ALU_testbench
Info (12021): Found 1 design units, including 1 entities, in source file lab 7 - control unit/d_testbench.v
    Info (12023): Found entity 1: D_testbench
Info (12021): Found 1 design units, including 1 entities, in source file lab 7 - control unit/iw_testbench.v
    Info (12023): Found entity 1: IW_testbench
Info (12021): Found 1 design units, including 1 entities, in source file lab 7 - control unit/br_testbench.v
    Info (12023): Found entity 1: BR_testbench
Info (12021): Found 1 design units, including 1 entities, in source file lab 7 - control unit/b_testbench.v
    Info (12023): Found entity 1: B_testbench
Info (12021): Found 1 design units, including 1 entities, in source file lab 7 - control unit/cbz_cbnz_testbench.v
    Info (12023): Found entity 1: CBZ_CBNZ_testbench
Info (12021): Found 1 design units, including 1 entities, in source file lab 7 - control unit/b_cond_testbench.v
    Info (12023): Found entity 1: B_cond_testbench
Info (12021): Found 1 design units, including 1 entities, in source file lab 7 - control unit/control_unit_testbench.v
    Info (12023): Found entity 1: control_unit_Testbench
Info (12021): Found 1 design units, including 1 entities, in source file lab 7 - control unit/ri_logic_testbench.v
    Info (12023): Found entity 1: RI_Logic_testbench
Info (12021): Found 1 design units, including 1 entities, in source file cpu.v
    Info (12023): Found entity 1: CPU
Info (12021): Found 1 design units, including 1 entities, in source file cpu_testbench.v
    Info (12023): Found entity 1: CPU_Testbench
Info (12021): Found 1 design units, including 1 entities, in source file clock_div.v
    Info (12023): Found entity 1: clock_div
Info (12021): Found 1 design units, including 1 entities, in source file gpio files/de0_test.v
    Info (12023): Found entity 1: DE0_Test
Warning (10236): Verilog HDL Implicit Net warning at Leg_v8Microprocessor.v(54): created implicit net for "DIP_SW"
Warning (10236): Verilog HDL Implicit Net warning at DE0_Test.v(56): created implicit net for "DIP_SW"
Info (12127): Elaborating entity "DE0_Test" for the top level hierarchy
Warning (10858): Verilog HDL warning at DE0_Test.v(8): object hex0 used but never assigned
Warning (10858): Verilog HDL warning at DE0_Test.v(8): object hex1 used but never assigned
Warning (10858): Verilog HDL warning at DE0_Test.v(8): object hex2 used but never assigned
Warning (10858): Verilog HDL warning at DE0_Test.v(8): object hex3 used but never assigned
Warning (10030): Net "hex0" at DE0_Test.v(8) has no driver or initial value, using a default initial value '0'
Warning (10030): Net "hex1" at DE0_Test.v(8) has no driver or initial value, using a default initial value '0'
Warning (10030): Net "hex2" at DE0_Test.v(8) has no driver or initial value, using a default initial value '0'
Warning (10030): Net "hex3" at DE0_Test.v(8) has no driver or initial value, using a default initial value '0'
Info (12128): Elaborating entity "quad_7seg_decoder" for hierarchy "quad_7seg_decoder:SevenSegGPIO_1"
Info (12128): Elaborating entity "seven_seg_hex" for hierarchy "quad_7seg_decoder:SevenSegGPIO_1|seven_seg_hex:dec0"
Info (12128): Elaborating entity "GPIO_Board" for hierarchy "GPIO_Board:GPIO_DE0_Test_inst"
Info (12128): Elaborating entity "gpio_mux_8_to_1" for hierarchy "GPIO_Board:GPIO_DE0_Test_inst|gpio_mux_8_to_1:matrix_mux"
Info (12128): Elaborating entity "gpio_mux_8_to_1" for hierarchy "GPIO_Board:GPIO_DE0_Test_inst|gpio_mux_8_to_1:hex_mux"
Info (12128): Elaborating entity "gpio_decoder_3_8" for hierarchy "GPIO_Board:GPIO_DE0_Test_inst|gpio_decoder_3_8:row_dec"
Warning (12241): 1 hierarchies have connectivity warnings - see the Connectivity Checks report folder
Warning (13024): Output pins are stuck at VCC or GND
    Warning (13410): Pin "HEX0[0]" is stuck at VCC
    Warning (13410): Pin "HEX0[1]" is stuck at VCC
    Warning (13410): Pin "HEX0[2]" is stuck at VCC
    Warning (13410): Pin "HEX0[3]" is stuck at VCC
    Warning (13410): Pin "HEX0[4]" is stuck at VCC
    Warning (13410): Pin "HEX0[5]" is stuck at VCC
    Warning (13410): Pin "HEX0[6]" is stuck at VCC
    Warning (13410): Pin "HEX1[0]" is stuck at VCC
    Warning (13410): Pin "HEX1[1]" is stuck at VCC
    Warning (13410): Pin "HEX1[2]" is stuck at VCC
    Warning (13410): Pin "HEX1[3]" is stuck at VCC
    Warning (13410): Pin "HEX1[4]" is stuck at VCC
    Warning (13410): Pin "HEX1[5]" is stuck at VCC
    Warning (13410): Pin "HEX1[6]" is stuck at VCC
    Warning (13410): Pin "HEX2[0]" is stuck at VCC
    Warning (13410): Pin "HEX2[1]" is stuck at VCC
    Warning (13410): Pin "HEX2[2]" is stuck at VCC
    Warning (13410): Pin "HEX2[3]" is stuck at VCC
    Warning (13410): Pin "HEX2[4]" is stuck at VCC
    Warning (13410): Pin "HEX2[5]" is stuck at VCC
    Warning (13410): Pin "HEX2[6]" is stuck at VCC
    Warning (13410): Pin "HEX3[0]" is stuck at VCC
    Warning (13410): Pin "HEX3[1]" is stuck at VCC
    Warning (13410): Pin "HEX3[2]" is stuck at VCC
    Warning (13410): Pin "HEX3[3]" is stuck at VCC
    Warning (13410): Pin "HEX3[4]" is stuck at VCC
    Warning (13410): Pin "HEX3[5]" is stuck at VCC
    Warning (13410): Pin "HEX3[6]" is stuck at VCC
Info (286030): Timing-Driven Synthesis is running
Warning (20013): Ignored assignments for entity "DE0_Default" -- entity does not exist in design
    Warning (20014): Assignment for entity set_global_assignment -name LL_ROOT_REGION ON -entity DE0_Default -section_id "Root Region" was ignored
    Warning (20014): Assignment for entity set_global_assignment -name LL_MEMBER_STATE LOCKED -entity DE0_Default -section_id "Root Region" was ignored
    Warning (20014): Assignment for entity set_instance_assignment -name PARTITION_HIERARCHY root_partition -to | -entity DE0_Default -section_id Top was ignored
    Warning (20014): Assignment for entity set_global_assignment -name PARTITION_NETLIST_TYPE SOURCE -entity DE0_Default -section_id Top was ignored
    Warning (20014): Assignment for entity set_global_assignment -name PARTITION_PRESERVE_HIGH_SPEED_TILES ON -entity DE0_Default -section_id Top was ignored
    Warning (20014): Assignment for entity set_global_assignment -name PARTITION_IGNORE_SOURCE_FILE_CHANGES OFF -entity DE0_Default -section_id Top was ignored
    Warning (20014): Assignment for entity set_global_assignment -name PARTITION_ALWAYS_USE_QXP_NETLIST OFF -entity DE0_Default -section_id Top was ignored
    Warning (20014): Assignment for entity set_global_assignment -name PARTITION_COLOR 14622752 -entity DE0_Default -section_id Top was ignored
    Warning (20014): Assignment for entity set_global_assignment -name PARTITION_IMPORT_ASSIGNMENTS ON -entity DE0_Default -section_id Top was ignored
    Warning (20014): Assignment for entity set_global_assignment -name PARTITION_IMPORT_EXISTING_ASSIGNMENTS REPLACE_CONFLICTING -entity DE0_Default -section_id Top was ignored
    Warning (20014): Assignment for entity set_global_assignment -name PARTITION_IMPORT_EXISTING_LOGICLOCK_REGIONS UPDATE_CONFLICTING -entity DE0_Default -section_id Top was ignored
    Warning (20014): Assignment for entity set_global_assignment -name PARTITION_IMPORT_PIN_ASSIGNMENTS ON -entity DE0_Default -section_id Top was ignored
    Warning (20014): Assignment for entity set_global_assignment -name PARTITION_IMPORT_PROMOTE_ASSIGNMENTS ON -entity DE0_Default -section_id Top was ignored
    Warning (20014): Assignment for entity set_global_assignment -name PARTITION_TYPE STANDARD_PARTITION -entity DE0_Default -section_id Top was ignored
    Warning (20014): Assignment for entity set_global_assignment -name ALLOW_MULTIPLE_PERSONAS OFF -entity DE0_Default -section_id Top was ignored
    Warning (20014): Assignment for entity set_global_assignment -name PARTITION_ASD_REGION_ID 1 -entity DE0_Default -section_id Top was ignored
    Warning (20014): Assignment for entity set_global_assignment -name CROSS_BOUNDARY_OPTIMIZATIONS OFF -entity DE0_Default -section_id Top was ignored
    Warning (20014): Assignment for entity set_global_assignment -name PROPAGATE_CONSTANTS_ON_INPUTS ON -entity DE0_Default -section_id Top was ignored
    Warning (20014): Assignment for entity set_global_assignment -name PROPAGATE_INVERSIONS_ON_INPUTS ON -entity DE0_Default -section_id Top was ignored
    Warning (20014): Assignment for entity set_global_assignment -name REMOVE_LOGIC_ON_UNCONNECTED_OUTPUTS ON -entity DE0_Default -section_id Top was ignored
    Warning (20014): Assignment for entity set_global_assignment -name MERGE_EQUIVALENT_INPUTS ON -entity DE0_Default -section_id Top was ignored
    Warning (20014): Assignment for entity set_global_assignment -name MERGE_EQUIVALENT_BIDIRS ON -entity DE0_Default -section_id Top was ignored
    Warning (20014): Assignment for entity set_global_assignment -name ABSORB_PATHS_FROM_OUTPUTS_TO_INPUTS ON -entity DE0_Default -section_id Top was ignored
    Warning (20014): Assignment for entity set_global_assignment -name PARTITION_EXTRACT_HARD_BLOCK_NODES ON -entity DE0_Default -section_id Top was ignored
Warning (20013): Ignored assignments for entity "Lab3a_s1" -- entity does not exist in design
    Warning (20014): Assignment for entity set_instance_assignment -name PARTITION_HIERARCHY root_partition -to | -entity Lab3a_s1 -section_id Top was ignored
    Warning (20014): Assignment for entity set_global_assignment -name PARTITION_NETLIST_TYPE SOURCE -entity Lab3a_s1 -section_id Top was ignored
    Warning (20014): Assignment for entity set_global_assignment -name PARTITION_FITTER_PRESERVATION_LEVEL PLACEMENT_AND_ROUTING -entity Lab3a_s1 -section_id Top was ignored
    Warning (20014): Assignment for entity set_global_assignment -name PARTITION_PRESERVE_HIGH_SPEED_TILES ON -entity Lab3a_s1 -section_id Top was ignored
    Warning (20014): Assignment for entity set_global_assignment -name PARTITION_IGNORE_SOURCE_FILE_CHANGES OFF -entity Lab3a_s1 -section_id Top was ignored
    Warning (20014): Assignment for entity set_global_assignment -name PARTITION_ALWAYS_USE_QXP_NETLIST OFF -entity Lab3a_s1 -section_id Top was ignored
    Warning (20014): Assignment for entity set_global_assignment -name PARTITION_COLOR 16764057 -entity Lab3a_s1 -section_id Top was ignored
    Warning (20014): Assignment for entity set_global_assignment -name PARTITION_IMPORT_ASSIGNMENTS ON -entity Lab3a_s1 -section_id Top was ignored
    Warning (20014): Assignment for entity set_global_assignment -name PARTITION_IMPORT_EXISTING_ASSIGNMENTS REPLACE_CONFLICTING -entity Lab3a_s1 -section_id Top was ignored
    Warning (20014): Assignment for entity set_global_assignment -name PARTITION_IMPORT_EXISTING_LOGICLOCK_REGIONS UPDATE_CONFLICTING -entity Lab3a_s1 -section_id Top was ignored
    Warning (20014): Assignment for entity set_global_assignment -name PARTITION_IMPORT_PIN_ASSIGNMENTS ON -entity Lab3a_s1 -section_id Top was ignored
    Warning (20014): Assignment for entity set_global_assignment -name PARTITION_IMPORT_PROMOTE_ASSIGNMENTS ON -entity Lab3a_s1 -section_id Top was ignored
    Warning (20014): Assignment for entity set_global_assignment -name PARTITION_TYPE STANDARD_PARTITION -entity Lab3a_s1 -section_id Top was ignored
    Warning (20014): Assignment for entity set_global_assignment -name ALLOW_MULTIPLE_PERSONAS OFF -entity Lab3a_s1 -section_id Top was ignored
    Warning (20014): Assignment for entity set_global_assignment -name PARTITION_ASD_REGION_ID 1 -entity Lab3a_s1 -section_id Top was ignored
    Warning (20014): Assignment for entity set_global_assignment -name CROSS_BOUNDARY_OPTIMIZATIONS OFF -entity Lab3a_s1 -section_id Top was ignored
    Warning (20014): Assignment for entity set_global_assignment -name PROPAGATE_CONSTANTS_ON_INPUTS ON -entity Lab3a_s1 -section_id Top was ignored
    Warning (20014): Assignment for entity set_global_assignment -name PROPAGATE_INVERSIONS_ON_INPUTS ON -entity Lab3a_s1 -section_id Top was ignored
    Warning (20014): Assignment for entity set_global_assignment -name REMOVE_LOGIC_ON_UNCONNECTED_OUTPUTS ON -entity Lab3a_s1 -section_id Top was ignored
    Warning (20014): Assignment for entity set_global_assignment -name MERGE_EQUIVALENT_INPUTS ON -entity Lab3a_s1 -section_id Top was ignored
    Warning (20014): Assignment for entity set_global_assignment -name MERGE_EQUIVALENT_BIDIRS ON -entity Lab3a_s1 -section_id Top was ignored
    Warning (20014): Assignment for entity set_global_assignment -name ABSORB_PATHS_FROM_OUTPUTS_TO_INPUTS ON -entity Lab3a_s1 -section_id Top was ignored
    Warning (20014): Assignment for entity set_global_assignment -name PARTITION_EXTRACT_HARD_BLOCK_NODES ON -entity Lab3a_s1 -section_id Top was ignored
Warning (20013): Ignored assignments for entity "Lab3b" -- entity does not exist in design
    Warning (20014): Assignment for entity set_instance_assignment -name PARTITION_HIERARCHY root_partition -to | -entity Lab3b -section_id Top was ignored
    Warning (20014): Assignment for entity set_global_assignment -name PARTITION_NETLIST_TYPE SOURCE -entity Lab3b -section_id Top was ignored
    Warning (20014): Assignment for entity set_global_assignment -name PARTITION_FITTER_PRESERVATION_LEVEL PLACEMENT_AND_ROUTING -entity Lab3b -section_id Top was ignored
    Warning (20014): Assignment for entity set_global_assignment -name PARTITION_PRESERVE_HIGH_SPEED_TILES ON -entity Lab3b -section_id Top was ignored
    Warning (20014): Assignment for entity set_global_assignment -name PARTITION_IGNORE_SOURCE_FILE_CHANGES OFF -entity Lab3b -section_id Top was ignored
    Warning (20014): Assignment for entity set_global_assignment -name PARTITION_ALWAYS_USE_QXP_NETLIST OFF -entity Lab3b -section_id Top was ignored
    Warning (20014): Assignment for entity set_global_assignment -name PARTITION_COLOR 16764057 -entity Lab3b -section_id Top was ignored
    Warning (20014): Assignment for entity set_global_assignment -name PARTITION_IMPORT_ASSIGNMENTS ON -entity Lab3b -section_id Top was ignored
    Warning (20014): Assignment for entity set_global_assignment -name PARTITION_IMPORT_EXISTING_ASSIGNMENTS REPLACE_CONFLICTING -entity Lab3b -section_id Top was ignored
    Warning (20014): Assignment for entity set_global_assignment -name PARTITION_IMPORT_EXISTING_LOGICLOCK_REGIONS UPDATE_CONFLICTING -entity Lab3b -section_id Top was ignored
    Warning (20014): Assignment for entity set_global_assignment -name PARTITION_IMPORT_PIN_ASSIGNMENTS ON -entity Lab3b -section_id Top was ignored
    Warning (20014): Assignment for entity set_global_assignment -name PARTITION_IMPORT_PROMOTE_ASSIGNMENTS ON -entity Lab3b -section_id Top was ignored
    Warning (20014): Assignment for entity set_global_assignment -name PARTITION_TYPE STANDARD_PARTITION -entity Lab3b -section_id Top was ignored
    Warning (20014): Assignment for entity set_global_assignment -name ALLOW_MULTIPLE_PERSONAS OFF -entity Lab3b -section_id Top was ignored
    Warning (20014): Assignment for entity set_global_assignment -name PARTITION_ASD_REGION_ID 1 -entity Lab3b -section_id Top was ignored
    Warning (20014): Assignment for entity set_global_assignment -name CROSS_BOUNDARY_OPTIMIZATIONS OFF -entity Lab3b -section_id Top was ignored
    Warning (20014): Assignment for entity set_global_assignment -name PROPAGATE_CONSTANTS_ON_INPUTS ON -entity Lab3b -section_id Top was ignored
    Warning (20014): Assignment for entity set_global_assignment -name PROPAGATE_INVERSIONS_ON_INPUTS ON -entity Lab3b -section_id Top was ignored
    Warning (20014): Assignment for entity set_global_assignment -name REMOVE_LOGIC_ON_UNCONNECTED_OUTPUTS ON -entity Lab3b -section_id Top was ignored
    Warning (20014): Assignment for entity set_global_assignment -name MERGE_EQUIVALENT_INPUTS ON -entity Lab3b -section_id Top was ignored
    Warning (20014): Assignment for entity set_global_assignment -name MERGE_EQUIVALENT_BIDIRS ON -entity Lab3b -section_id Top was ignored
    Warning (20014): Assignment for entity set_global_assignment -name ABSORB_PATHS_FROM_OUTPUTS_TO_INPUTS ON -entity Lab3b -section_id Top was ignored
    Warning (20014): Assignment for entity set_global_assignment -name PARTITION_EXTRACT_HARD_BLOCK_NODES ON -entity Lab3b -section_id Top was ignored
Info (144001): Generated suppressed messages file C:/Users/David/Desktop/Schoolwork/Semester 4/Computer Architecture/Leg_v8Microprocessor/output_files/Leg_v8Microprocessor.map.smsg
Info (16010): Generating hard_block partition "hard_block:auto_generated_inst"
    Info (16011): Adding 0 node(s), including 0 DDIO, 0 PLL, 0 transceiver and 0 LCELL
Warning (21074): Design contains 12 input pin(s) that do not drive logic
    Warning (15610): No output dependent on input pin "SW[0]"
    Warning (15610): No output dependent on input pin "SW[1]"
    Warning (15610): No output dependent on input pin "SW[2]"
    Warning (15610): No output dependent on input pin "SW[3]"
    Warning (15610): No output dependent on input pin "SW[4]"
    Warning (15610): No output dependent on input pin "SW[5]"
    Warning (15610): No output dependent on input pin "SW[6]"
    Warning (15610): No output dependent on input pin "SW[7]"
    Warning (15610): No output dependent on input pin "SW[8]"
    Warning (15610): No output dependent on input pin "SW[9]"
    Warning (15610): No output dependent on input pin "BUTTON[0]"
    Warning (15610): No output dependent on input pin "BUTTON[1]"
Info (21057): Implemented 103 device resources after synthesis - the final resource count might be different
    Info (21058): Implemented 13 input pins
    Info (21059): Implemented 60 output pins
    Info (21061): Implemented 30 logic cells
Info: Quartus II 64-Bit Analysis & Synthesis was successful. 0 errors, 127 warnings
    Info: Peak virtual memory: 514 megabytes
    Info: Processing ended: Fri Apr 27 13:32:56 2018
    Info: Elapsed time: 00:00:02
    Info: Total CPU time (on all processors): 00:00:02


+------------------------------------------+
; Analysis & Synthesis Suppressed Messages ;
+------------------------------------------+
The suppressed messages can be found in C:/Users/David/Desktop/Schoolwork/Semester 4/Computer Architecture/Leg_v8Microprocessor/output_files/Leg_v8Microprocessor.map.smsg.


