Flow report for Leg_v8Microprocessor
Fri Apr 27 13:33:12 2018
Quartus II 64-Bit Version 13.0.1 Build 232 06/12/2013 Service Pack 1 SJ Web Edition


---------------------
; Table of Contents ;
---------------------
  1. Legal Notice
  2. Flow Summary
  3. Flow Settings
  4. Flow Non-Default Global Settings
  5. Flow Elapsed Time
  6. Flow OS Summary
  7. Flow Log
  8. Flow Messages
  9. Flow Suppressed Messages



----------------
; Legal Notice ;
----------------
Copyright (C) 1991-2013 Altera Corporation
Your use of Altera Corporation's design tools, logic functions 
and other software and tools, and its AMPP partner logic 
functions, and any output files from any of the foregoing 
(including device programming or simulation files), and any 
associated documentation or information are expressly subject 
to the terms and conditions of the Altera Program License 
Subscription Agreement, Altera MegaCore Function License 
Agreement, or other applicable license agreement, including, 
without limitation, that your use is for the sole purpose of 
programming logic devices manufactured by Altera and sold by 
Altera or its authorized distributors.  Please refer to the 
applicable agreement for further details.



+--------------------------------------------------------------------------------------+
; Flow Summary                                                                         ;
+------------------------------------+-------------------------------------------------+
; Flow Status                        ; Successful - Fri Apr 27 13:33:12 2018           ;
; Quartus II 64-Bit Version          ; 13.0.1 Build 232 06/12/2013 SP 1 SJ Web Edition ;
; Revision Name                      ; Leg_v8Microprocessor                            ;
; Top-level Entity Name              ; DE0_Test                                        ;
; Family                             ; Cyclone III                                     ;
; Device                             ; EP3C16F484C6                                    ;
; Timing Models                      ; Final                                           ;
; Total logic elements               ; 30 / 15,408 ( < 1 % )                           ;
;     Total combinational functions  ; 30 / 15,408 ( < 1 % )                           ;
;     Dedicated logic registers      ; 17 / 15,408 ( < 1 % )                           ;
; Total registers                    ; 17                                              ;
; Total pins                         ; 73 / 347 ( 21 % )                               ;
; Total virtual pins                 ; 0                                               ;
; Total memory bits                  ; 0 / 516,096 ( 0 % )                             ;
; Embedded Multiplier 9-bit elements ; 0 / 112 ( 0 % )                                 ;
; Total PLLs                         ; 0 / 4 ( 0 % )                                   ;
+------------------------------------+-------------------------------------------------+


+------------------------------------------+
; Flow Settings                            ;
+-------------------+----------------------+
; Option            ; Setting              ;
+-------------------+----------------------+
; Start date & time ; 04/27/2018 13:32:55  ;
; Main task         ; Compilation          ;
; Revision Name     ; Leg_v8Microprocessor ;
+-------------------+----------------------+


+-----------------------------------------------------------------------------------------------------------------------------------------------------------+
; Flow Non-Default Global Settings                                                                                                                          ;
+--------------------------------------+----------------------------------------------------+----------------------+-------------+--------------------------+
; Assignment Name                      ; Value                                              ; Default Value        ; Entity Name ; Section Id               ;
+--------------------------------------+----------------------------------------------------+----------------------+-------------+--------------------------+
; COMPILER_SIGNATURE_ID                ; 251394930987109.152485037523428                    ; --                   ; --          ; --                       ;
; EDA_DESIGN_INSTANCE_NAME             ; NA                                                 ; --                   ; --          ; RegisterFileTestbench    ;
; EDA_DESIGN_INSTANCE_NAME             ; NA                                                 ; --                   ; --          ; ALU_Testbench            ;
; EDA_DESIGN_INSTANCE_NAME             ; NA                                                 ; --                   ; --          ; Datapath_Testbench       ;
; EDA_DESIGN_INSTANCE_NAME             ; NA                                                 ; --                   ; --          ; ProgramCounter_Testbench ;
; EDA_DESIGN_INSTANCE_NAME             ; NA                                                 ; --                   ; --          ; I_arith_testbench        ;
; EDA_DESIGN_INSTANCE_NAME             ; NA                                                 ; --                   ; --          ; I_logic_testbench        ;
; EDA_DESIGN_INSTANCE_NAME             ; NA                                                 ; --                   ; --          ; R_ALU_testbench          ;
; EDA_DESIGN_INSTANCE_NAME             ; NA                                                 ; --                   ; --          ; D_testbench              ;
; EDA_DESIGN_INSTANCE_NAME             ; NA                                                 ; --                   ; --          ; IW_testbench             ;
; EDA_DESIGN_INSTANCE_NAME             ; NA                                                 ; --                   ; --          ; BR_testbench             ;
; EDA_DESIGN_INSTANCE_NAME             ; NA                                                 ; --                   ; --          ; B_testbench              ;
; EDA_DESIGN_INSTANCE_NAME             ; NA                                                 ; --                   ; --          ; CBZ_CBNZ_testbench       ;
; EDA_DESIGN_INSTANCE_NAME             ; NA                                                 ; --                   ; --          ; B_cond_testbench         ;
; EDA_DESIGN_INSTANCE_NAME             ; NA                                                 ; --                   ; --          ; control_unit_Testbench   ;
; EDA_DESIGN_INSTANCE_NAME             ; NA                                                 ; --                   ; --          ; RI_Logic_testbench       ;
; EDA_DESIGN_INSTANCE_NAME             ; NA                                                 ; --                   ; --          ; CPU_Testbench            ;
; EDA_NATIVELINK_SIMULATION_TEST_BENCH ; CPU_Testbench                                      ; --                   ; --          ; eda_simulation           ;
; EDA_OUTPUT_DATA_FORMAT               ; Verilog Hdl                                        ; --                   ; --          ; eda_simulation           ;
; EDA_SIMULATION_TOOL                  ; ModelSim-Altera (Verilog)                          ; <None>               ; --          ; --                       ;
; EDA_TEST_BENCH_ENABLE_STATUS         ; TEST_BENCH_MODE                                    ; --                   ; --          ; eda_simulation           ;
; EDA_TEST_BENCH_FILE                  ; Lab 1 - Register File/RegisterFileTestbench.v      ; --                   ; --          ; RegisterFileTestbench    ;
; EDA_TEST_BENCH_FILE                  ; Lab 2 - Arithmetic Logic Unit/ALU_Testbench.v      ; --                   ; --          ; ALU_Testbench            ;
; EDA_TEST_BENCH_FILE                  ; Lab 4 - Datapath/Datapath_Testbench.v              ; --                   ; --          ; Datapath_Testbench       ;
; EDA_TEST_BENCH_FILE                  ; Lab 5 - Program Counter/ProgramCounter_Testbench.v ; --                   ; --          ; ProgramCounter_Testbench ;
; EDA_TEST_BENCH_FILE                  ; Lab 7 - Control Unit/I_arith_testbench.v           ; --                   ; --          ; I_arith_testbench        ;
; EDA_TEST_BENCH_FILE                  ; Lab 7 - Control Unit/I_logic_testbench.v           ; --                   ; --          ; I_logic_testbench        ;
; EDA_TEST_BENCH_FILE                  ; Lab 7 - Control Unit/R_ALU_testbench.v             ; --                   ; --          ; R_ALU_testbench          ;
; EDA_TEST_BENCH_FILE                  ; Lab 7 - Control Unit/D_testbench.v                 ; --                   ; --          ; D_testbench              ;
; EDA_TEST_BENCH_FILE                  ; Lab 7 - Control Unit/IW_testbench.v                ; --                   ; --          ; IW_testbench             ;
; EDA_TEST_BENCH_FILE                  ; Lab 7 - Control Unit/BR_testbench.v                ; --                   ; --          ; BR_testbench             ;
; EDA_TEST_BENCH_FILE                  ; Lab 7 - Control Unit/B_testbench.v                 ; --                   ; --          ; B_testbench              ;
; EDA_TEST_BENCH_FILE                  ; Lab 7 - Control Unit/CBZ_CBNZ_testbench.v          ; --                   ; --          ; CBZ_CBNZ_testbench       ;
; EDA_TEST_BENCH_FILE                  ; Lab 7 - Control Unit/B_cond_testbench.v            ; --                   ; --          ; B_cond_testbench         ;
; EDA_TEST_BENCH_FILE                  ; Lab 7 - Control Unit/control_unit_Testbench.v      ; --                   ; --          ; control_unit_Testbench   ;
; EDA_TEST_BENCH_FILE                  ; Lab 7 - Control Unit/RI_Logic_testbench.v          ; --                   ; --          ; RI_Logic_testbench       ;
; EDA_TEST_BENCH_FILE                  ; CPU_Testbench.v                                    ; --                   ; --          ; CPU_Testbench            ;
; EDA_TEST_BENCH_MODULE_NAME           ; RegisterFileTestbench                              ; --                   ; --          ; RegisterFileTestbench    ;
; EDA_TEST_BENCH_MODULE_NAME           ; ALU_Testbench                                      ; --                   ; --          ; ALU_Testbench            ;
; EDA_TEST_BENCH_MODULE_NAME           ; Datapath_Testbench                                 ; --                   ; --          ; Datapath_Testbench       ;
; EDA_TEST_BENCH_MODULE_NAME           ; ProgramCounter_Testbench                           ; --                   ; --          ; ProgramCounter_Testbench ;
; EDA_TEST_BENCH_MODULE_NAME           ; I_arith_testbench                                  ; --                   ; --          ; I_arith_testbench        ;
; EDA_TEST_BENCH_MODULE_NAME           ; I_logic_testbench                                  ; --                   ; --          ; I_logic_testbench        ;
; EDA_TEST_BENCH_MODULE_NAME           ; R_ALU_testbench                                    ; --                   ; --          ; R_ALU_testbench          ;
; EDA_TEST_BENCH_MODULE_NAME           ; D_testbench                                        ; --                   ; --          ; D_testbench              ;
; EDA_TEST_BENCH_MODULE_NAME           ; IW_testbench                                       ; --                   ; --          ; IW_testbench             ;
; EDA_TEST_BENCH_MODULE_NAME           ; BR_testbench                                       ; --                   ; --          ; BR_testbench             ;
; EDA_TEST_BENCH_MODULE_NAME           ; B_testbench                                        ; --                   ; --          ; B_testbench              ;
; EDA_TEST_BENCH_MODULE_NAME           ; CBZ_CBNZ_testbench                                 ; --                   ; --          ; CBZ_CBNZ_testbench       ;
; EDA_TEST_BENCH_MODULE_NAME           ; B_cond_testbench                                   ; --                   ; --          ; B_cond_testbench         ;
; EDA_TEST_BENCH_MODULE_NAME           ; control_unit_Testbench                             ; --                   ; --          ; control_unit_Testbench   ;
; EDA_TEST_BENCH_MODULE_NAME           ; RI_Logic_testbench                                 ; --                   ; --          ; RI_Logic_testbench       ;
; EDA_TEST_BENCH_MODULE_NAME           ; CPU_Testbench                                      ; --                   ; --          ; CPU_Testbench            ;
; EDA_TEST_BENCH_NAME                  ; RegisterFileTestbench                              ; --                   ; --          ; eda_simulation           ;
; EDA_TEST_BENCH_NAME                  ; ALU_Testbench                                      ; --                   ; --          ; eda_simulation           ;
; EDA_TEST_BENCH_NAME                  ; Datapath_Testbench                                 ; --                   ; --          ; eda_simulation           ;
; EDA_TEST_BENCH_NAME                  ; ProgramCounter_Testbench                           ; --                   ; --          ; eda_simulation           ;
; EDA_TEST_BENCH_NAME                  ; I_arith_testbench                                  ; --                   ; --          ; eda_simulation           ;
; EDA_TEST_BENCH_NAME                  ; I_logic_testbench                                  ; --                   ; --          ; eda_simulation           ;
; EDA_TEST_BENCH_NAME                  ; R_ALU_testbench                                    ; --                   ; --          ; eda_simulation           ;
; EDA_TEST_BENCH_NAME                  ; D_testbench                                        ; --                   ; --          ; eda_simulation           ;
; EDA_TEST_BENCH_NAME                  ; IW_testbench                                       ; --                   ; --          ; eda_simulation           ;
; EDA_TEST_BENCH_NAME                  ; BR_testbench                                       ; --                   ; --          ; eda_simulation           ;
; EDA_TEST_BENCH_NAME                  ; B_testbench                                        ; --                   ; --          ; eda_simulation           ;
; EDA_TEST_BENCH_NAME                  ; CBZ_CBNZ_testbench                                 ; --                   ; --          ; eda_simulation           ;
; EDA_TEST_BENCH_NAME                  ; B_cond_testbench                                   ; --                   ; --          ; eda_simulation           ;
; EDA_TEST_BENCH_NAME                  ; control_unit_Testbench                             ; --                   ; --          ; eda_simulation           ;
; EDA_TEST_BENCH_NAME                  ; RI_Logic_testbench                                 ; --                   ; --          ; eda_simulation           ;
; EDA_TEST_BENCH_NAME                  ; CPU_Testbench                                      ; --                   ; --          ; eda_simulation           ;
; EDA_TIME_SCALE                       ; 1 ps                                               ; --                   ; --          ; eda_simulation           ;
; IP_TOOL_NAME                         ; ALTPLL                                             ; --                   ; --          ; --                       ;
; IP_TOOL_VERSION                      ; 13.0                                               ; --                   ; --          ; --                       ;
; MAX_CORE_JUNCTION_TEMP               ; 85                                                 ; --                   ; --          ; --                       ;
; MIN_CORE_JUNCTION_TEMP               ; 0                                                  ; --                   ; --          ; --                       ;
; MISC_FILE                            ; clock_div.ppf                                      ; --                   ; --          ; --                       ;
; PARTITION_COLOR                      ; 14622752                                           ; --                   ; DE0_Default ; Top                      ;
; PARTITION_COLOR                      ; 16764057                                           ; --                   ; DE0_Test    ; Top                      ;
; PARTITION_COLOR                      ; 16764057                                           ; --                   ; Lab3a_s1    ; Top                      ;
; PARTITION_COLOR                      ; 16764057                                           ; --                   ; Lab3b       ; Top                      ;
; PARTITION_FITTER_PRESERVATION_LEVEL  ; PLACEMENT_AND_ROUTING                              ; --                   ; DE0_Test    ; Top                      ;
; PARTITION_FITTER_PRESERVATION_LEVEL  ; PLACEMENT_AND_ROUTING                              ; --                   ; Lab3a_s1    ; Top                      ;
; PARTITION_FITTER_PRESERVATION_LEVEL  ; PLACEMENT_AND_ROUTING                              ; --                   ; Lab3b       ; Top                      ;
; PARTITION_NETLIST_TYPE               ; SOURCE                                             ; --                   ; DE0_Default ; Top                      ;
; PARTITION_NETLIST_TYPE               ; SOURCE                                             ; --                   ; DE0_Test    ; Top                      ;
; PARTITION_NETLIST_TYPE               ; SOURCE                                             ; --                   ; Lab3a_s1    ; Top                      ;
; PARTITION_NETLIST_TYPE               ; SOURCE                                             ; --                   ; Lab3b       ; Top                      ;
; POWER_BOARD_THERMAL_MODEL            ; None (CONSERVATIVE)                                ; --                   ; --          ; --                       ;
; POWER_PRESET_COOLING_SOLUTION        ; 23 MM HEAT SINK WITH 200 LFPM AIRFLOW              ; --                   ; --          ; --                       ;
; PROJECT_OUTPUT_DIRECTORY             ; output_files                                       ; --                   ; --          ; --                       ;
; TOP_LEVEL_ENTITY                     ; DE0_Test                                           ; Leg_v8Microprocessor ; --          ; --                       ;
+--------------------------------------+----------------------------------------------------+----------------------+-------------+--------------------------+


+-------------------------------------------------------------------------------------------------------------------------------+
; Flow Elapsed Time                                                                                                             ;
+---------------------------+--------------+-------------------------+---------------------+------------------------------------+
; Module Name               ; Elapsed Time ; Average Processors Used ; Peak Virtual Memory ; Total CPU Time (on all processors) ;
+---------------------------+--------------+-------------------------+---------------------+------------------------------------+
; Analysis & Synthesis      ; 00:00:02     ; 1.0                     ; 503 MB              ; 00:00:02                           ;
; Fitter                    ; 00:00:08     ; 1.0                     ; 837 MB              ; 00:00:07                           ;
; Assembler                 ; 00:00:01     ; 1.0                     ; 474 MB              ; 00:00:01                           ;
; TimeQuest Timing Analyzer ; 00:00:03     ; 1.0                     ; 518 MB              ; 00:00:02                           ;
; EDA Netlist Writer        ; 00:00:00     ; 1.0                     ; 427 MB              ; 00:00:01                           ;
; Total                     ; 00:00:14     ; --                      ; --                  ; 00:00:13                           ;
+---------------------------+--------------+-------------------------+---------------------+------------------------------------+


+----------------------------------------------------------------------------------------+
; Flow OS Summary                                                                        ;
+---------------------------+------------------+-----------+------------+----------------+
; Module Name               ; Machine Hostname ; OS Name   ; OS Version ; Processor type ;
+---------------------------+------------------+-----------+------------+----------------+
; Analysis & Synthesis      ; David-PC         ; Windows 7 ; 6.2        ; x86_64         ;
; Fitter                    ; David-PC         ; Windows 7 ; 6.2        ; x86_64         ;
; Assembler                 ; David-PC         ; Windows 7 ; 6.2        ; x86_64         ;
; TimeQuest Timing Analyzer ; David-PC         ; Windows 7 ; 6.2        ; x86_64         ;
; EDA Netlist Writer        ; David-PC         ; Windows 7 ; 6.2        ; x86_64         ;
+---------------------------+------------------+-----------+------------+----------------+


------------
; Flow Log ;
------------
quartus_map --read_settings_files=on --write_settings_files=off Leg_v8Microprocessor -c Leg_v8Microprocessor
quartus_fit --read_settings_files=off --write_settings_files=off Leg_v8Microprocessor -c Leg_v8Microprocessor
quartus_asm --read_settings_files=off --write_settings_files=off Leg_v8Microprocessor -c Leg_v8Microprocessor
quartus_sta Leg_v8Microprocessor -c Leg_v8Microprocessor
quartus_eda --read_settings_files=off --write_settings_files=off Leg_v8Microprocessor -c Leg_v8Microprocessor



